[debug] [2024-05-28T19:36:22.538Z] ----------------------------------------------------------------------
[debug] [2024-05-28T19:36:22.539Z] Command:       /Users/seb/.nvm/versions/node/v20.12.2/bin/node /opt/homebrew/bin/firebase deploy
[debug] [2024-05-28T19:36:22.540Z] CLI Version:   13.3.1
[debug] [2024-05-28T19:36:22.540Z] Platform:      darwin
[debug] [2024-05-28T19:36:22.540Z] Node Version:  v20.12.2
[debug] [2024-05-28T19:36:22.540Z] Time:          Tue May 28 2024 22:36:22 GMT+0300 (Eastern European Summer Time)
[debug] [2024-05-28T19:36:22.540Z] ----------------------------------------------------------------------
[debug] 
[debug] [2024-05-28T19:36:22.578Z] > command requires scopes: ["email","openid","https://www.googleapis.com/auth/cloudplatformprojects.readonly","https://www.googleapis.com/auth/firebase","https://www.googleapis.com/auth/cloud-platform"]
[debug] [2024-05-28T19:36:22.579Z] > authorizing via signed-in user (sevastosmatzouranis@gmail.com)
[debug] [2024-05-28T19:36:22.579Z] [iam] checking project arete-685db for permissions ["firebase.projects.get","firebasehosting.sites.update"]
[debug] [2024-05-28T19:36:22.579Z] > refreshing access token with scopes: []
[debug] [2024-05-28T19:36:22.580Z] >>> [apiv2][query] POST https://www.googleapis.com/oauth2/v3/token [none]
[debug] [2024-05-28T19:36:22.580Z] >>> [apiv2][body] POST https://www.googleapis.com/oauth2/v3/token [omitted]
[debug] [2024-05-28T19:36:23.056Z] <<< [apiv2][status] POST https://www.googleapis.com/oauth2/v3/token 200
[debug] [2024-05-28T19:36:23.057Z] <<< [apiv2][body] POST https://www.googleapis.com/oauth2/v3/token [omitted]
[debug] [2024-05-28T19:36:23.071Z] >>> [apiv2][query] POST https://cloudresourcemanager.googleapis.com/v1/projects/arete-685db:testIamPermissions [none]
[debug] [2024-05-28T19:36:23.071Z] >>> [apiv2][(partial)header] POST https://cloudresourcemanager.googleapis.com/v1/projects/arete-685db:testIamPermissions x-goog-quota-user=projects/arete-685db
[debug] [2024-05-28T19:36:23.071Z] >>> [apiv2][body] POST https://cloudresourcemanager.googleapis.com/v1/projects/arete-685db:testIamPermissions {"permissions":["firebase.projects.get","firebasehosting.sites.update"]}
[debug] [2024-05-28T19:36:24.203Z] <<< [apiv2][status] POST https://cloudresourcemanager.googleapis.com/v1/projects/arete-685db:testIamPermissions 200
[debug] [2024-05-28T19:36:24.204Z] <<< [apiv2][body] POST https://cloudresourcemanager.googleapis.com/v1/projects/arete-685db:testIamPermissions {"permissions":["firebase.projects.get","firebasehosting.sites.update"]}
[debug] [2024-05-28T19:36:24.205Z] >>> [apiv2][query] GET https://firebase.googleapis.com/v1beta1/projects/arete-685db [none]
[debug] [2024-05-28T19:36:24.756Z] <<< [apiv2][status] GET https://firebase.googleapis.com/v1beta1/projects/arete-685db 200
[debug] [2024-05-28T19:36:24.756Z] <<< [apiv2][body] GET https://firebase.googleapis.com/v1beta1/projects/arete-685db {"projectId":"arete-685db","projectNumber":"830589161402","displayName":"arete","name":"projects/arete-685db","resources":{"hostingSite":"arete-685db"},"state":"ACTIVE","etag":"1_918146a6-ef18-47cf-adb3-cc47893b9b75"}
[info] 
[info] === Deploying to 'arete-685db'...
[info] 
[info] i  deploying hosting 
[debug] [2024-05-28T19:36:24.760Z] >>> [apiv2][query] POST https://firebasehosting.googleapis.com/v1beta1/projects/-/sites/arete-685db/versions [none]
[debug] [2024-05-28T19:36:24.760Z] >>> [apiv2][body] POST https://firebasehosting.googleapis.com/v1beta1/projects/-/sites/arete-685db/versions {"status":"CREATED","labels":{"deployment-tool":"cli-firebase"}}
[debug] [2024-05-28T19:36:26.893Z] <<< [apiv2][status] POST https://firebasehosting.googleapis.com/v1beta1/projects/-/sites/arete-685db/versions 200
[debug] [2024-05-28T19:36:26.894Z] <<< [apiv2][body] POST https://firebasehosting.googleapis.com/v1beta1/projects/-/sites/arete-685db/versions {"name":"projects/830589161402/sites/arete-685db/versions/9513f535c6ff6c82","status":"CREATED","config":{},"labels":{"deployment-tool":"cli-firebase"}}
[info] i  hosting[arete-685db]: beginning deploy... 
[info] i  hosting[arete-685db]: found 40 files in out 
[debug] [2024-05-28T19:36:26.900Z] [hosting] uploading with 200 concurrency
[debug] [2024-05-28T19:36:28.684Z] [hosting] hash cache [b3V0] stored for 40 files
[debug] [2024-05-28T19:36:28.684Z] [hosting][hash queue][FINAL] {"max":1777,"min":7,"avg":55.375,"active":0,"complete":40,"success":40,"errored":0,"retried":0,"total":40,"elapsed":1782}
[debug] [2024-05-28T19:36:28.685Z] >>> [apiv2][query] POST https://firebasehosting.googleapis.com/v1beta1/projects/830589161402/sites/arete-685db/versions/9513f535c6ff6c82:populateFiles [none]
[debug] [2024-05-28T19:36:28.685Z] >>> [apiv2][body] POST https://firebasehosting.googleapis.com/v1beta1/projects/830589161402/sites/arete-685db/versions/9513f535c6ff6c82:populateFiles {"files":{"/next.svg":"7b16665552cb47db34db342505d6d340caaf5813ca2cba1df3536ed67ea33f64","/404.html":"989e747fb95285bfc89727b988f5f127d38272ed8a55cd5b53f2f4d96fba6583","/index.txt":"515b8fa713b90e4ffc3548cbf617b0937d6b26356b17d690ad6bdad714fb550e","/vercel.svg":"ddb9254655f2b7733e1193fb66cb4beb95c29ad752d7adbc1765026e124c88c5","/index.html":"486a0c439a869fc07e0345042c22bd6a48c7b10d61304ad27384a54c4ba80409","/_next/static/chunks/main-app-6e07f49c4781d1ff.js":"0ba60762b3e964e6f99694ce422fd5b0b8341ec52f32eb3331b264878fe726bf","/favicon.ico":"8b9c4dce3353938d2027ab21f0489807587db05d65ef390a6947d32312e501a0","/_next/static/chunks/webpack-6e03d027db331994.js":"f830b25e6abef326efd98b8a237d7831d9a0d0f819f2d4214f13b15ad2d7a68a","/_next/static/chunks/app/layout-4c8e0e74da4eb5a0.js":"6c203fb7a34905cbcdea0201d6a904d8ad659daad92bd251afa07cd8e888d40d","/_next/static/chunks/app/page-469aea4844018048.js":"ab93c22ca9f047960c7e313329c395c8c577a59378cbff550c96fb04a7be9f2d","/_next/static/chunks/app/_not-found/page-317c3420ae3ac9cb.js":"73bfefb0e831b4bce23ce0791be33b7f0cf0dcd0f1424068ac4b3f6d3c5bbade","/_next/static/chunks/pages/_app-6a626577ffa902a4.js":"033ba1808728c513ad0a88d7ddf19b808f355e4bccb8e18dd6b1928961cf7a45","/_next/static/chunks/pages/_error-1be831200e60c5c0.js":"7ba7b69d070dbc710e451691d369b4ce050c7aff928d7ff030baa21135383430","/_next/static/css/2f71e0d51b6954c9.css":"dfc9deaaf139e09d08338e38db4e3a51eb2bd33a06eaaa9ff82df253e8e7153c","/_next/static/css/233a9cd5ec806e17.css":"07a0036c4dd3dbbbce78021cdaaa2b661e3bbdf49e927808b4d2693276dc6eb8","/_next/static/media/05a31a2ca4975f99-s.woff2":"6efe3c10c8cf8d8db389af700f8e6dd56ef3734c59159ae26bea5e9f3b05d919","/_next/static/vt5Tlgu3awWIJbmyemSWp/_ssgManifest.js":"02dbc1aeab6ef0a6ff2ff9a1643158cf9bb38929945eaa343a3627dee9ba6778","/_next/static/vt5Tlgu3awWIJbmyemSWp/_buildManifest.js":"d69e5a007397f17b35522afa5231f150a71e70144a0b25094b29b45bb5e6de96","/images/roundtext.svg":"abd239180e3d46807a8466e2fd14fac3da3ecd738d25ce6e7d48983d4df5df2f","/images/logo.svg":"ab503720a26d679a0fac685a94ecb1fd9391e962d509dc948d1b12f7e3d9c540","/_next/static/media/fd4db3eb5472fc27-s.woff2":"b62a5c48aa2a5c1f795d9f0e040eb59387eb7527523ebf1a2a37a0b80ed8afda","/videos/ARETE STUDIO.svg":"f83d3ba83a2730031686b788ee9649040f644e20fe8380ebe143537245fa7b63","/_next/static/chunks/155-53c3f38b3c309871.js":"62c57cecae18f145ff00c7b187b5d346889bc1a87d65cc39926e6ca654fac2cb","/_next/static/media/51ed15f9841b9f9d-s.woff2":"1858da22f630427753e92d04720084a47e27d78af30e9bcfe21f1514a014b67f","/_next/static/media/513657b02c5c193f-s.woff2":"12fead7b73c8d1e6d927c1558658f895e2bc585abb9fa0787fd3a18ab6de0229","/_next/static/media/ec159349637c90ad-s.woff2":"72adc3dde09d31fedb2a4472cd9ac9ae14108ee045cbe7de2afc351c6761e047","/_next/static/chunks/536-812bc18079c1c83a.js":"48b026c5b7fe3c6ea5807cc2c4664fc779b5fa5837c8d3f67931f935a762f903","/_next/static/chunks/main-d343494ed5f576f2.js":"46c05a6a6e6cd1cdba2857bceb0ef9178772f839a97a2527324e6c751ce268e1","/_next/static/chunks/23-43697f1a7378dcab.js":"fedacded376cd6b18e0f1e21a11972b9e6338d2bc2b3e2047f471f2eca2f350e","/_next/static/chunks/polyfills-78c92fac7aa8fdd8.js":"a5b39edcc77b6069d442b5dbeb8091cf27ac47ac7a1a99cfc325213bdaae2fb5","/_next/static/media/c9a5bc6a7c948fb0-s.p.woff2":"37d0358a532a69cb27ae70525b099439dc7139875db00f29a2a103bf24e7f54f","/_next/static/chunks/framework-f66176bb897dc684.js":"edccdf0bd26f4c34c32924a52f573ae1403c8e2291e0524921f6a3bc3635b56d","/_next/static/css/70fd3d68fe81eea6.css":"d8bb54cb37250d1a8776827a1d711c4a92566485212b8334d80ffa7074369a52","/_next/static/media/d6b16ce4a6175f26-s.woff2":"b4d117b2e85e547b1698898d382cc41f3f9b9f2549a7590657b4b4ad8071987b","/_next/static/chunks/fd9d1056-966c57d4b1133a38.js":"1ad5b60900951695550bcfb3b5d43784825075257435b5badf3d5a7ed4b9e1f9","/_next/static/media/Inter-roman.var.b2129c00.woff2":"f0375e965ac5af2837ca10a765785387cf7fe13ab14a3f4482e9f55eed426b3c","/_next/static/media/Inter-italic.var.958a0b97.woff2":"d559c6c5fe5fb8dbd6fe52244c468b3f402533cfa22de948f6dc493d7806c02d","/projects/ink.png":"f7aed7523e36f7c9d54cc6f1deb9b99ca2a6752a4f5a5ebc9dd402618f9eb6e3","/projects/manor.png":"080985bfc11e46a36f2591d983adfd5c3f84ebdd312cb278ba982536339e49ce","/videos/background_header.mp4":"8300cf3e2ac3ac23221bf4edaf2032feaf461f37f51109e6f5a14b81a68df0c8"}}
[debug] [2024-05-28T19:36:29.907Z] <<< [apiv2][status] POST https://firebasehosting.googleapis.com/v1beta1/projects/830589161402/sites/arete-685db/versions/9513f535c6ff6c82:populateFiles 200
[debug] [2024-05-28T19:36:29.907Z] <<< [apiv2][body] POST https://firebasehosting.googleapis.com/v1beta1/projects/830589161402/sites/arete-685db/versions/9513f535c6ff6c82:populateFiles {"uploadRequiredHashes":["d8bb54cb37250d1a8776827a1d711c4a92566485212b8334d80ffa7074369a52","080985bfc11e46a36f2591d983adfd5c3f84ebdd312cb278ba982536339e49ce","48b026c5b7fe3c6ea5807cc2c4664fc779b5fa5837c8d3f67931f935a762f903","62c57cecae18f145ff00c7b187b5d346889bc1a87d65cc39926e6ca654fac2cb","6c203fb7a34905cbcdea0201d6a904d8ad659daad92bd251afa07cd8e888d40d","515b8fa713b90e4ffc3548cbf617b0937d6b26356b17d690ad6bdad714fb550e","486a0c439a869fc07e0345042c22bd6a48c7b10d61304ad27384a54c4ba80409","989e747fb95285bfc89727b988f5f127d38272ed8a55cd5b53f2f4d96fba6583","f7aed7523e36f7c9d54cc6f1deb9b99ca2a6752a4f5a5ebc9dd402618f9eb6e3","dfc9deaaf139e09d08338e38db4e3a51eb2bd33a06eaaa9ff82df253e8e7153c","46c05a6a6e6cd1cdba2857bceb0ef9178772f839a97a2527324e6c751ce268e1","f0375e965ac5af2837ca10a765785387cf7fe13ab14a3f4482e9f55eed426b3c","d559c6c5fe5fb8dbd6fe52244c468b3f402533cfa22de948f6dc493d7806c02d","f830b25e6abef326efd98b8a237d7831d9a0d0f819f2d4214f13b15ad2d7a68a","ab93c22ca9f047960c7e313329c395c8c577a59378cbff550c96fb04a7be9f2d","07a0036c4dd3dbbbce78021cdaaa2b661e3bbdf49e927808b4d2693276dc6eb8","8300cf3e2ac3ac23221bf4edaf2032feaf461f37f51109e6f5a14b81a68df0c8"],"uploadUrl":"https://upload-firebasehosting.googleapis.com/upload/sites/arete-685db/versions/9513f535c6ff6c82/files"}
[debug] [2024-05-28T19:36:29.909Z] >>> [apiv2][query] POST https://upload-firebasehosting.googleapis.com/upload/sites/arete-685db/versions/9513f535c6ff6c82/files/d8bb54cb37250d1a8776827a1d711c4a92566485212b8334d80ffa7074369a52 [none]
[debug] [2024-05-28T19:36:29.909Z] >>> [apiv2][body] POST https://upload-firebasehosting.googleapis.com/upload/sites/arete-685db/versions/9513f535c6ff6c82/files/d8bb54cb37250d1a8776827a1d711c4a92566485212b8334d80ffa7074369a52 [stream]
[debug] [2024-05-28T19:36:29.911Z] >>> [apiv2][query] POST https://upload-firebasehosting.googleapis.com/upload/sites/arete-685db/versions/9513f535c6ff6c82/files/080985bfc11e46a36f2591d983adfd5c3f84ebdd312cb278ba982536339e49ce [none]
[debug] [2024-05-28T19:36:29.911Z] >>> [apiv2][body] POST https://upload-firebasehosting.googleapis.com/upload/sites/arete-685db/versions/9513f535c6ff6c82/files/080985bfc11e46a36f2591d983adfd5c3f84ebdd312cb278ba982536339e49ce [stream]
[debug] [2024-05-28T19:36:29.912Z] >>> [apiv2][query] POST https://upload-firebasehosting.googleapis.com/upload/sites/arete-685db/versions/9513f535c6ff6c82/files/48b026c5b7fe3c6ea5807cc2c4664fc779b5fa5837c8d3f67931f935a762f903 [none]
[debug] [2024-05-28T19:36:29.912Z] >>> [apiv2][body] POST https://upload-firebasehosting.googleapis.com/upload/sites/arete-685db/versions/9513f535c6ff6c82/files/48b026c5b7fe3c6ea5807cc2c4664fc779b5fa5837c8d3f67931f935a762f903 [stream]
[debug] [2024-05-28T19:36:29.912Z] >>> [apiv2][query] POST https://upload-firebasehosting.googleapis.com/upload/sites/arete-685db/versions/9513f535c6ff6c82/files/62c57cecae18f145ff00c7b187b5d346889bc1a87d65cc39926e6ca654fac2cb [none]
[debug] [2024-05-28T19:36:29.912Z] >>> [apiv2][body] POST https://upload-firebasehosting.googleapis.com/upload/sites/arete-685db/versions/9513f535c6ff6c82/files/62c57cecae18f145ff00c7b187b5d346889bc1a87d65cc39926e6ca654fac2cb [stream]
[debug] [2024-05-28T19:36:29.913Z] >>> [apiv2][query] POST https://upload-firebasehosting.googleapis.com/upload/sites/arete-685db/versions/9513f535c6ff6c82/files/6c203fb7a34905cbcdea0201d6a904d8ad659daad92bd251afa07cd8e888d40d [none]
[debug] [2024-05-28T19:36:29.913Z] >>> [apiv2][body] POST https://upload-firebasehosting.googleapis.com/upload/sites/arete-685db/versions/9513f535c6ff6c82/files/6c203fb7a34905cbcdea0201d6a904d8ad659daad92bd251afa07cd8e888d40d [stream]
[debug] [2024-05-28T19:36:29.913Z] >>> [apiv2][query] POST https://upload-firebasehosting.googleapis.com/upload/sites/arete-685db/versions/9513f535c6ff6c82/files/515b8fa713b90e4ffc3548cbf617b0937d6b26356b17d690ad6bdad714fb550e [none]
[debug] [2024-05-28T19:36:29.913Z] >>> [apiv2][body] POST https://upload-firebasehosting.googleapis.com/upload/sites/arete-685db/versions/9513f535c6ff6c82/files/515b8fa713b90e4ffc3548cbf617b0937d6b26356b17d690ad6bdad714fb550e [stream]
[debug] [2024-05-28T19:36:29.913Z] >>> [apiv2][query] POST https://upload-firebasehosting.googleapis.com/upload/sites/arete-685db/versions/9513f535c6ff6c82/files/486a0c439a869fc07e0345042c22bd6a48c7b10d61304ad27384a54c4ba80409 [none]
[debug] [2024-05-28T19:36:29.913Z] >>> [apiv2][body] POST https://upload-firebasehosting.googleapis.com/upload/sites/arete-685db/versions/9513f535c6ff6c82/files/486a0c439a869fc07e0345042c22bd6a48c7b10d61304ad27384a54c4ba80409 [stream]
[debug] [2024-05-28T19:36:29.913Z] >>> [apiv2][query] POST https://upload-firebasehosting.googleapis.com/upload/sites/arete-685db/versions/9513f535c6ff6c82/files/989e747fb95285bfc89727b988f5f127d38272ed8a55cd5b53f2f4d96fba6583 [none]
[debug] [2024-05-28T19:36:29.913Z] >>> [apiv2][body] POST https://upload-firebasehosting.googleapis.com/upload/sites/arete-685db/versions/9513f535c6ff6c82/files/989e747fb95285bfc89727b988f5f127d38272ed8a55cd5b53f2f4d96fba6583 [stream]
[debug] [2024-05-28T19:36:29.914Z] >>> [apiv2][query] POST https://upload-firebasehosting.googleapis.com/upload/sites/arete-685db/versions/9513f535c6ff6c82/files/f7aed7523e36f7c9d54cc6f1deb9b99ca2a6752a4f5a5ebc9dd402618f9eb6e3 [none]
[debug] [2024-05-28T19:36:29.914Z] >>> [apiv2][body] POST https://upload-firebasehosting.googleapis.com/upload/sites/arete-685db/versions/9513f535c6ff6c82/files/f7aed7523e36f7c9d54cc6f1deb9b99ca2a6752a4f5a5ebc9dd402618f9eb6e3 [stream]
[debug] [2024-05-28T19:36:29.914Z] >>> [apiv2][query] POST https://upload-firebasehosting.googleapis.com/upload/sites/arete-685db/versions/9513f535c6ff6c82/files/dfc9deaaf139e09d08338e38db4e3a51eb2bd33a06eaaa9ff82df253e8e7153c [none]
[debug] [2024-05-28T19:36:29.914Z] >>> [apiv2][body] POST https://upload-firebasehosting.googleapis.com/upload/sites/arete-685db/versions/9513f535c6ff6c82/files/dfc9deaaf139e09d08338e38db4e3a51eb2bd33a06eaaa9ff82df253e8e7153c [stream]
[debug] [2024-05-28T19:36:29.915Z] >>> [apiv2][query] POST https://upload-firebasehosting.googleapis.com/upload/sites/arete-685db/versions/9513f535c6ff6c82/files/46c05a6a6e6cd1cdba2857bceb0ef9178772f839a97a2527324e6c751ce268e1 [none]
[debug] [2024-05-28T19:36:29.915Z] >>> [apiv2][body] POST https://upload-firebasehosting.googleapis.com/upload/sites/arete-685db/versions/9513f535c6ff6c82/files/46c05a6a6e6cd1cdba2857bceb0ef9178772f839a97a2527324e6c751ce268e1 [stream]
[debug] [2024-05-28T19:36:29.915Z] >>> [apiv2][query] POST https://upload-firebasehosting.googleapis.com/upload/sites/arete-685db/versions/9513f535c6ff6c82/files/f0375e965ac5af2837ca10a765785387cf7fe13ab14a3f4482e9f55eed426b3c [none]
[debug] [2024-05-28T19:36:29.915Z] >>> [apiv2][body] POST https://upload-firebasehosting.googleapis.com/upload/sites/arete-685db/versions/9513f535c6ff6c82/files/f0375e965ac5af2837ca10a765785387cf7fe13ab14a3f4482e9f55eed426b3c [stream]
[debug] [2024-05-28T19:36:29.916Z] >>> [apiv2][query] POST https://upload-firebasehosting.googleapis.com/upload/sites/arete-685db/versions/9513f535c6ff6c82/files/d559c6c5fe5fb8dbd6fe52244c468b3f402533cfa22de948f6dc493d7806c02d [none]
[debug] [2024-05-28T19:36:29.916Z] >>> [apiv2][body] POST https://upload-firebasehosting.googleapis.com/upload/sites/arete-685db/versions/9513f535c6ff6c82/files/d559c6c5fe5fb8dbd6fe52244c468b3f402533cfa22de948f6dc493d7806c02d [stream]
[debug] [2024-05-28T19:36:29.916Z] >>> [apiv2][query] POST https://upload-firebasehosting.googleapis.com/upload/sites/arete-685db/versions/9513f535c6ff6c82/files/f830b25e6abef326efd98b8a237d7831d9a0d0f819f2d4214f13b15ad2d7a68a [none]
[debug] [2024-05-28T19:36:29.916Z] >>> [apiv2][body] POST https://upload-firebasehosting.googleapis.com/upload/sites/arete-685db/versions/9513f535c6ff6c82/files/f830b25e6abef326efd98b8a237d7831d9a0d0f819f2d4214f13b15ad2d7a68a [stream]
[debug] [2024-05-28T19:36:29.917Z] >>> [apiv2][query] POST https://upload-firebasehosting.googleapis.com/upload/sites/arete-685db/versions/9513f535c6ff6c82/files/ab93c22ca9f047960c7e313329c395c8c577a59378cbff550c96fb04a7be9f2d [none]
[debug] [2024-05-28T19:36:29.917Z] >>> [apiv2][body] POST https://upload-firebasehosting.googleapis.com/upload/sites/arete-685db/versions/9513f535c6ff6c82/files/ab93c22ca9f047960c7e313329c395c8c577a59378cbff550c96fb04a7be9f2d [stream]
[debug] [2024-05-28T19:36:29.917Z] >>> [apiv2][query] POST https://upload-firebasehosting.googleapis.com/upload/sites/arete-685db/versions/9513f535c6ff6c82/files/07a0036c4dd3dbbbce78021cdaaa2b661e3bbdf49e927808b4d2693276dc6eb8 [none]
[debug] [2024-05-28T19:36:29.917Z] >>> [apiv2][body] POST https://upload-firebasehosting.googleapis.com/upload/sites/arete-685db/versions/9513f535c6ff6c82/files/07a0036c4dd3dbbbce78021cdaaa2b661e3bbdf49e927808b4d2693276dc6eb8 [stream]
[debug] [2024-05-28T19:36:29.918Z] >>> [apiv2][query] POST https://upload-firebasehosting.googleapis.com/upload/sites/arete-685db/versions/9513f535c6ff6c82/files/8300cf3e2ac3ac23221bf4edaf2032feaf461f37f51109e6f5a14b81a68df0c8 [none]
[debug] [2024-05-28T19:36:29.918Z] >>> [apiv2][body] POST https://upload-firebasehosting.googleapis.com/upload/sites/arete-685db/versions/9513f535c6ff6c82/files/8300cf3e2ac3ac23221bf4edaf2032feaf461f37f51109e6f5a14b81a68df0c8 [stream]
[debug] [2024-05-28T19:36:29.919Z] [hosting][populate queue][FINAL] {"max":1226,"min":1226,"avg":1226,"active":0,"complete":1,"success":1,"errored":0,"retried":0,"total":1,"elapsed":1237}
[debug] [2024-05-28T19:36:29.919Z] [hosting] uploads queued: 17
[debug] [2024-05-28T19:36:32.542Z] <<< [apiv2][status] POST https://upload-firebasehosting.googleapis.com/upload/sites/arete-685db/versions/9513f535c6ff6c82/files/486a0c439a869fc07e0345042c22bd6a48c7b10d61304ad27384a54c4ba80409 200
[debug] [2024-05-28T19:36:32.542Z] <<< [apiv2][body] POST https://upload-firebasehosting.googleapis.com/upload/sites/arete-685db/versions/9513f535c6ff6c82/files/486a0c439a869fc07e0345042c22bd6a48c7b10d61304ad27384a54c4ba80409 [stream]
[debug] [2024-05-28T19:36:32.775Z] <<< [apiv2][status] POST https://upload-firebasehosting.googleapis.com/upload/sites/arete-685db/versions/9513f535c6ff6c82/files/989e747fb95285bfc89727b988f5f127d38272ed8a55cd5b53f2f4d96fba6583 200
[debug] [2024-05-28T19:36:32.775Z] <<< [apiv2][body] POST https://upload-firebasehosting.googleapis.com/upload/sites/arete-685db/versions/9513f535c6ff6c82/files/989e747fb95285bfc89727b988f5f127d38272ed8a55cd5b53f2f4d96fba6583 [stream]
[debug] [2024-05-28T19:36:32.856Z] <<< [apiv2][status] POST https://upload-firebasehosting.googleapis.com/upload/sites/arete-685db/versions/9513f535c6ff6c82/files/6c203fb7a34905cbcdea0201d6a904d8ad659daad92bd251afa07cd8e888d40d 200
[debug] [2024-05-28T19:36:32.856Z] <<< [apiv2][body] POST https://upload-firebasehosting.googleapis.com/upload/sites/arete-685db/versions/9513f535c6ff6c82/files/6c203fb7a34905cbcdea0201d6a904d8ad659daad92bd251afa07cd8e888d40d [stream]
[debug] [2024-05-28T19:36:33.039Z] <<< [apiv2][status] POST https://upload-firebasehosting.googleapis.com/upload/sites/arete-685db/versions/9513f535c6ff6c82/files/515b8fa713b90e4ffc3548cbf617b0937d6b26356b17d690ad6bdad714fb550e 200
[debug] [2024-05-28T19:36:33.040Z] <<< [apiv2][body] POST https://upload-firebasehosting.googleapis.com/upload/sites/arete-685db/versions/9513f535c6ff6c82/files/515b8fa713b90e4ffc3548cbf617b0937d6b26356b17d690ad6bdad714fb550e [stream]
[debug] [2024-05-28T19:36:33.156Z] <<< [apiv2][status] POST https://upload-firebasehosting.googleapis.com/upload/sites/arete-685db/versions/9513f535c6ff6c82/files/dfc9deaaf139e09d08338e38db4e3a51eb2bd33a06eaaa9ff82df253e8e7153c 200
[debug] [2024-05-28T19:36:33.157Z] <<< [apiv2][body] POST https://upload-firebasehosting.googleapis.com/upload/sites/arete-685db/versions/9513f535c6ff6c82/files/dfc9deaaf139e09d08338e38db4e3a51eb2bd33a06eaaa9ff82df253e8e7153c [stream]
[debug] [2024-05-28T19:36:33.477Z] <<< [apiv2][status] POST https://upload-firebasehosting.googleapis.com/upload/sites/arete-685db/versions/9513f535c6ff6c82/files/d8bb54cb37250d1a8776827a1d711c4a92566485212b8334d80ffa7074369a52 200
[debug] [2024-05-28T19:36:33.477Z] <<< [apiv2][body] POST https://upload-firebasehosting.googleapis.com/upload/sites/arete-685db/versions/9513f535c6ff6c82/files/d8bb54cb37250d1a8776827a1d711c4a92566485212b8334d80ffa7074369a52 [stream]
[debug] [2024-05-28T19:36:33.515Z] <<< [apiv2][status] POST https://upload-firebasehosting.googleapis.com/upload/sites/arete-685db/versions/9513f535c6ff6c82/files/ab93c22ca9f047960c7e313329c395c8c577a59378cbff550c96fb04a7be9f2d 200
[debug] [2024-05-28T19:36:33.516Z] <<< [apiv2][body] POST https://upload-firebasehosting.googleapis.com/upload/sites/arete-685db/versions/9513f535c6ff6c82/files/ab93c22ca9f047960c7e313329c395c8c577a59378cbff550c96fb04a7be9f2d [stream]
[debug] [2024-05-28T19:36:34.154Z] <<< [apiv2][status] POST https://upload-firebasehosting.googleapis.com/upload/sites/arete-685db/versions/9513f535c6ff6c82/files/07a0036c4dd3dbbbce78021cdaaa2b661e3bbdf49e927808b4d2693276dc6eb8 200
[debug] [2024-05-28T19:36:34.155Z] <<< [apiv2][body] POST https://upload-firebasehosting.googleapis.com/upload/sites/arete-685db/versions/9513f535c6ff6c82/files/07a0036c4dd3dbbbce78021cdaaa2b661e3bbdf49e927808b4d2693276dc6eb8 [stream]
[debug] [2024-05-28T19:36:34.158Z] <<< [apiv2][status] POST https://upload-firebasehosting.googleapis.com/upload/sites/arete-685db/versions/9513f535c6ff6c82/files/f830b25e6abef326efd98b8a237d7831d9a0d0f819f2d4214f13b15ad2d7a68a 200
[debug] [2024-05-28T19:36:34.158Z] <<< [apiv2][body] POST https://upload-firebasehosting.googleapis.com/upload/sites/arete-685db/versions/9513f535c6ff6c82/files/f830b25e6abef326efd98b8a237d7831d9a0d0f819f2d4214f13b15ad2d7a68a [stream]
[debug] [2024-05-28T19:36:34.377Z] <<< [apiv2][status] POST https://upload-firebasehosting.googleapis.com/upload/sites/arete-685db/versions/9513f535c6ff6c82/files/62c57cecae18f145ff00c7b187b5d346889bc1a87d65cc39926e6ca654fac2cb 200
[debug] [2024-05-28T19:36:34.378Z] <<< [apiv2][body] POST https://upload-firebasehosting.googleapis.com/upload/sites/arete-685db/versions/9513f535c6ff6c82/files/62c57cecae18f145ff00c7b187b5d346889bc1a87d65cc39926e6ca654fac2cb [stream]
[debug] [2024-05-28T19:36:38.868Z] <<< [apiv2][status] POST https://upload-firebasehosting.googleapis.com/upload/sites/arete-685db/versions/9513f535c6ff6c82/files/46c05a6a6e6cd1cdba2857bceb0ef9178772f839a97a2527324e6c751ce268e1 200
[debug] [2024-05-28T19:36:38.868Z] <<< [apiv2][body] POST https://upload-firebasehosting.googleapis.com/upload/sites/arete-685db/versions/9513f535c6ff6c82/files/46c05a6a6e6cd1cdba2857bceb0ef9178772f839a97a2527324e6c751ce268e1 [stream]
[debug] [2024-05-28T19:36:38.911Z] <<< [apiv2][status] POST https://upload-firebasehosting.googleapis.com/upload/sites/arete-685db/versions/9513f535c6ff6c82/files/48b026c5b7fe3c6ea5807cc2c4664fc779b5fa5837c8d3f67931f935a762f903 200
[debug] [2024-05-28T19:36:38.911Z] <<< [apiv2][body] POST https://upload-firebasehosting.googleapis.com/upload/sites/arete-685db/versions/9513f535c6ff6c82/files/48b026c5b7fe3c6ea5807cc2c4664fc779b5fa5837c8d3f67931f935a762f903 [stream]
[debug] [2024-05-28T19:36:46.429Z] <<< [apiv2][status] POST https://upload-firebasehosting.googleapis.com/upload/sites/arete-685db/versions/9513f535c6ff6c82/files/d559c6c5fe5fb8dbd6fe52244c468b3f402533cfa22de948f6dc493d7806c02d 200
[debug] [2024-05-28T19:36:46.429Z] <<< [apiv2][body] POST https://upload-firebasehosting.googleapis.com/upload/sites/arete-685db/versions/9513f535c6ff6c82/files/d559c6c5fe5fb8dbd6fe52244c468b3f402533cfa22de948f6dc493d7806c02d [stream]
[debug] [2024-05-28T19:36:48.617Z] <<< [apiv2][status] POST https://upload-firebasehosting.googleapis.com/upload/sites/arete-685db/versions/9513f535c6ff6c82/files/f0375e965ac5af2837ca10a765785387cf7fe13ab14a3f4482e9f55eed426b3c 200
[debug] [2024-05-28T19:36:48.617Z] <<< [apiv2][body] POST https://upload-firebasehosting.googleapis.com/upload/sites/arete-685db/versions/9513f535c6ff6c82/files/f0375e965ac5af2837ca10a765785387cf7fe13ab14a3f4482e9f55eed426b3c [stream]
[debug] [2024-05-28T19:36:54.506Z] <<< [apiv2][status] POST https://upload-firebasehosting.googleapis.com/upload/sites/arete-685db/versions/9513f535c6ff6c82/files/f7aed7523e36f7c9d54cc6f1deb9b99ca2a6752a4f5a5ebc9dd402618f9eb6e3 200
[debug] [2024-05-28T19:36:54.506Z] <<< [apiv2][body] POST https://upload-firebasehosting.googleapis.com/upload/sites/arete-685db/versions/9513f535c6ff6c82/files/f7aed7523e36f7c9d54cc6f1deb9b99ca2a6752a4f5a5ebc9dd402618f9eb6e3 [stream]
[debug] [2024-05-28T19:37:00.312Z] [uploadQueue] Retrying task 080985bfc11e46a36f2591d983adfd5c3f84ebdd312cb278ba982536339e49ce
[debug] [2024-05-28T19:37:00.312Z] >>> [apiv2][query] POST https://upload-firebasehosting.googleapis.com/upload/sites/arete-685db/versions/9513f535c6ff6c82/files/080985bfc11e46a36f2591d983adfd5c3f84ebdd312cb278ba982536339e49ce [none]
[debug] [2024-05-28T19:37:00.312Z] >>> [apiv2][body] POST https://upload-firebasehosting.googleapis.com/upload/sites/arete-685db/versions/9513f535c6ff6c82/files/080985bfc11e46a36f2591d983adfd5c3f84ebdd312cb278ba982536339e49ce [stream]
[debug] [2024-05-28T19:37:27.899Z] <<< [apiv2][status] POST https://upload-firebasehosting.googleapis.com/upload/sites/arete-685db/versions/9513f535c6ff6c82/files/080985bfc11e46a36f2591d983adfd5c3f84ebdd312cb278ba982536339e49ce 200
[debug] [2024-05-28T19:37:27.900Z] <<< [apiv2][body] POST https://upload-firebasehosting.googleapis.com/upload/sites/arete-685db/versions/9513f535c6ff6c82/files/080985bfc11e46a36f2591d983adfd5c3f84ebdd312cb278ba982536339e49ce [stream]
